<?xml version="1.0" encoding="UTF-8"?>
<!-- Generated by org.testng.reporters.JUnitReportReporter -->
<testsuite hostname="DML-AFortuin" failures="0" tests="2" name="loans.VehicleLoans" time="0.011" errors="0" timestamp="2021-10-18T16:13:10 SAST" skipped="0">
  <testcase classname="loans.VehicleLoans" name="ninthTest" time="0.010"/>
  <system-out/>
  <testcase classname="loans.VehicleLoans" name="vehicleLoanFraudTest" time="0.001"/>
  <system-out/>
</testsuite> <!-- loans.VehicleLoans -->
