<?xml version="1.0" encoding="UTF-8"?>
<!-- Generated by org.testng.reporters.JUnitReportReporter -->
<testsuite hostname="DML-AFortuin" failures="0" tests="3" name="loans.HomeLoans1" time="0.007" errors="0" timestamp="2021-10-21T17:22:09 SAST" skipped="0">
  <testcase classname="loans.HomeLoans1" name="homeLoanFraudTest" time="0.001"/>
  <system-out/>
  <testcase classname="loans.HomeLoans1" name="secondTest" time="0.001"/>
  <system-out>
    <![CDATA[Pass
Pass]]>
  </system-out>
  <testcase classname="loans.HomeLoans1" name="firstTest" time="0.005"/>
  <system-out/>
</testsuite> <!-- loans.HomeLoans1 -->
