<?xml version="1.0" encoding="UTF-8"?>
<!-- Generated by org.testng.reporters.JUnitReportReporter -->
<testsuite hostname="DML-AFortuin" failures="0" tests="1" name="testDstv.MovieMagicTests" time="0.676" errors="0" timestamp="2021-10-07T12:13:16 SAST" skipped="0">
  <testcase classname="testDstv.MovieMagicTests" name="ExerciseTestTable" time="0.676"/>
  <system-out/>
</testsuite> <!-- testDstv.MovieMagicTests -->
