<?xml version="1.0" encoding="UTF-8"?>
<!-- Generated by org.testng.reporters.JUnitReportReporter -->
<testsuite hostname="DML-AFortuin" failures="0" tests="10" name="loans.dataProviderEx" time="0.014" errors="0" timestamp="2021-10-18T18:54:00 SAST" skipped="0">
  <testcase classname="loans.dataProviderEx" name="dataProviderExercise" time="0.001"/>
  <system-out/>
  <testcase classname="loans.dataProviderEx" name="dataProviderExercise" time="0.001"/>
  <system-out/>
  <testcase classname="loans.dataProviderEx" name="dataProviderExercise" time="0.000"/>
  <system-out/>
  <testcase classname="loans.dataProviderEx" name="dataProviderExercise" time="0.001"/>
  <system-out/>
  <testcase classname="loans.dataProviderEx" name="dataProviderExercise" time="0.001"/>
  <system-out/>
  <testcase classname="loans.dataProviderEx" name="dataProviderExercise" time="0.001"/>
  <system-out/>
  <testcase classname="loans.dataProviderEx" name="dataProviderExercise" time="0.001"/>
  <system-out/>
  <testcase classname="loans.dataProviderEx" name="dataProviderExercise" time="0.001"/>
  <system-out/>
  <testcase classname="loans.dataProviderEx" name="dataProviderExercise" time="0.006"/>
  <system-out/>
  <testcase classname="loans.dataProviderEx" name="dataProviderExercise" time="0.001"/>
  <system-out/>
</testsuite> <!-- loans.dataProviderEx -->
