<?xml version="1.0" encoding="UTF-8"?>
<!-- Generated by org.testng.reporters.JUnitReportReporter -->
<testsuite hostname="DML-AFortuin" failures="0" tests="2" name="inspiredAcademy.RestAssuredTest" time="0.003" errors="0" timestamp="2021-10-14T17:05:53 SAST" skipped="0">
  <testcase classname="inspiredAcademy.RestAssuredTest" name="postJira" time="0.000"/>
  <system-out/>
  <testcase classname="inspiredAcademy.RestAssuredTest" name="deleteTwitter" time="0.003"/>
  <system-out/>
</testsuite> <!-- inspiredAcademy.RestAssuredTest -->
