<?xml version="1.0" encoding="UTF-8"?>
<!-- Generated by org.testng.reporters.JUnitReportReporter -->
<testsuite hostname="DML-AFortuin" failures="0" tests="2" name="inspiredAcademy.AppiumTest" time="0.000" errors="0" timestamp="2021-10-14T17:05:53 SAST" skipped="0">
  <testcase classname="inspiredAcademy.AppiumTest" name="NativeAndroid" time="0.000"/>
  <system-out/>
  <testcase classname="inspiredAcademy.AppiumTest" name="IOSApps" time="0.000"/>
  <system-out/>
</testsuite> <!-- inspiredAcademy.AppiumTest -->
