<?xml version="1.0" encoding="UTF-8"?>
<!-- Generated by org.testng.reporters.JUnitReportReporter -->
<testsuite hostname="DML-AFortuin" failures="0" tests="3" name="loans.PersonalLoans1" time="0.000" errors="0" timestamp="2021-10-21T17:23:16 SAST" skipped="0">
  <testcase classname="loans.PersonalLoans1" name="personalLoanFraudTest" time="0.000"/>
  <system-out/>
  <testcase classname="loans.PersonalLoans1" name="personalLoanFraudTest" time="0.000"/>
  <system-out/>
  <testcase classname="loans.PersonalLoans1" name="personalLoanFraudTest" time="0.000"/>
  <system-out/>
</testsuite> <!-- loans.PersonalLoans1 -->
