<?xml version="1.0" encoding="UTF-8"?>
<!-- Generated by org.testng.reporters.JUnitReportReporter -->
<testsuite hostname="DML-AFortuin" failures="0" tests="2" name="inspiredAcademy.SeleniumTest" time="0.003" errors="0" timestamp="2021-10-25T15:27:24 SAST" skipped="0">
  <testcase classname="inspiredAcademy.SeleniumTest" name="elementsUI" time="0.000"/>
  <system-out/>
  <testcase classname="inspiredAcademy.SeleniumTest" name="BrowserAutomation" time="0.003"/>
  <system-out/>
</testsuite> <!-- inspiredAcademy.SeleniumTest -->
