<?xml version="1.0" encoding="UTF-8"?>
<!-- Generated by org.testng.reporters.JUnitReportReporter -->
<testsuite hostname="DML-AFortuin" failures="0" tests="3" name="loans.VehicleLoans" time="0.001" errors="0" timestamp="2021-10-18T11:03:22 SAST" skipped="0">
  <testcase classname="loans.VehicleLoans" name="vehicleLoanFraudTest" time="0.000"/>
  <system-out/>
  <testcase classname="loans.VehicleLoans" name="ninthTest" time="0.001"/>
  <system-out/>
  <testcase classname="loans.VehicleLoans" name="tenthTest" time="0.000"/>
  <system-out/>
</testsuite> <!-- loans.VehicleLoans -->
